03/03/2010 23:16:03 (Std) 	+-+-+-+-+-+-+-+-+-+-+-+-+-+-+-+-+-+-+-+-+-+-+-+-+-+-+-+-+-+-+-+-+-+-+-+-+-+-+-+
03/03/2010 23:16:03 (Std) 	+                     Crazy Eddie's GUI System - Event log                    +
03/03/2010 23:16:03 (Std) 	+                          (http://www.cegui.org.uk/)                         +
03/03/2010 23:16:03 (Std) 	+-+-+-+-+-+-+-+-+-+-+-+-+-+-+-+-+-+-+-+-+-+-+-+-+-+-+-+-+-+-+-+-+-+-+-+-+-+-+-+

03/03/2010 23:16:03 (Std) 	CEGUI::Logger singleton created. (05C99770)
03/03/2010 23:16:03 (Std) 	---- Begining CEGUI System initialisation ----
03/03/2010 23:16:03 (Std) 	CEGUI::ImagesetManager singleton created (05C88630)
03/03/2010 23:16:03 (Std) 	CEGUI::FontManager singleton created. (05C8FB50)
03/03/2010 23:16:03 (Std) 	CEGUI::WindowFactoryManager singleton created
03/03/2010 23:16:03 (Std) 	CEGUI::WindowManager singleton created (05C8FAC0)
03/03/2010 23:16:03 (Std) 	CEGUI::SchemeManager singleton created. (05044048)
03/03/2010 23:16:03 (Std) 	CEGUI::MouseCursor singleton created. (050435F0)
03/03/2010 23:16:03 (Std) 	CEGUI::GlobalEventSet singleton created. (05C9AF50)
03/03/2010 23:16:03 (Std) 	CEGUI::WidgetLookManager singleton created. (05C89848)
03/03/2010 23:16:03 (Std) 	CEGUI::WindowRendererManager singleton created (05C9A358)
03/03/2010 23:16:03 (Std) 	WindowFactory for 'DefaultWindow' windows added. (00BEF5E8)
03/03/2010 23:16:03 (Std) 	WindowFactory for 'DragContainer' windows added. (00BEF9A8)
03/03/2010 23:16:03 (Std) 	WindowFactory for 'ScrolledContainer' windows added. (00BEF0D0)
03/03/2010 23:16:03 (Std) 	WindowFactory for 'ClippedContainer' windows added. (00BEF868)
03/03/2010 23:16:03 (Std) 	WindowFactory for 'CEGUI/Checkbox' windows added. (00BEF4A8)
03/03/2010 23:16:03 (Std) 	WindowFactory for 'CEGUI/PushButton' windows added. (00BEFC28)
03/03/2010 23:16:03 (Std) 	WindowFactory for 'CEGUI/RadioButton' windows added. (00BEFCC8)
03/03/2010 23:16:03 (Std) 	WindowFactory for 'CEGUI/Combobox' windows added. (00BEEF88)
03/03/2010 23:16:03 (Std) 	WindowFactory for 'CEGUI/ComboDropList' windows added. (00BEFE08)
03/03/2010 23:16:03 (Std) 	WindowFactory for 'CEGUI/Editbox' windows added. (00BEEE48)
03/03/2010 23:16:03 (Std) 	WindowFactory for 'CEGUI/FrameWindow' windows added. (00BEF2C8)
03/03/2010 23:16:03 (Std) 	WindowFactory for 'CEGUI/ItemEntry' windows added. (00BEF548)
03/03/2010 23:16:03 (Std) 	WindowFactory for 'CEGUI/Listbox' windows added. (00BEFD68)
03/03/2010 23:16:03 (Std) 	WindowFactory for 'CEGUI/ListHeader' windows added. (00BEFF48)
03/03/2010 23:16:03 (Std) 	WindowFactory for 'CEGUI/ListHeaderSegment' windows added. (00BEF028)
03/03/2010 23:16:03 (Std) 	WindowFactory for 'CEGUI/Menubar' windows added. (00BEFEA8)
03/03/2010 23:16:03 (Std) 	WindowFactory for 'CEGUI/PopupMenu' windows added. (00BEF368)
03/03/2010 23:16:03 (Std) 	WindowFactory for 'CEGUI/MenuItem' windows added. (00BEEB20)
03/03/2010 23:16:03 (Std) 	WindowFactory for 'CEGUI/MultiColumnList' windows added. (00BEF228)
03/03/2010 23:16:03 (Std) 	WindowFactory for 'CEGUI/MultiLineEditbox' windows added. (00BEFB88)
03/03/2010 23:16:03 (Std) 	WindowFactory for 'CEGUI/ProgressBar' windows added. (00BEF728)
03/03/2010 23:16:03 (Std) 	WindowFactory for 'CEGUI/ScrollablePane' windows added. (00BEF908)
03/03/2010 23:16:03 (Std) 	WindowFactory for 'CEGUI/Scrollbar' windows added. (00BEEEE8)
03/03/2010 23:16:03 (Std) 	WindowFactory for 'CEGUI/Slider' windows added. (00BEF7C8)
03/03/2010 23:16:03 (Std) 	WindowFactory for 'CEGUI/Spinner' windows added. (00BEF408)
03/03/2010 23:16:03 (Std) 	WindowFactory for 'CEGUI/TabButton' windows added. (00BEFAE8)
03/03/2010 23:16:03 (Std) 	WindowFactory for 'CEGUI/TabControl' windows added. (00BEF188)
03/03/2010 23:16:03 (Std) 	WindowFactory for 'CEGUI/Thumb' windows added. (00BEED00)
03/03/2010 23:16:03 (Std) 	WindowFactory for 'CEGUI/Titlebar' windows added. (00BEEC60)
03/03/2010 23:16:03 (Std) 	WindowFactory for 'CEGUI/Tooltip' windows added. (00BEEBC0)
03/03/2010 23:16:03 (Std) 	WindowFactory for 'CEGUI/ItemListbox' windows added. (00BEFA48)
03/03/2010 23:16:03 (Std) 	WindowFactory for 'CEGUI/GroupBox' windows added. (00BEEDA8)
03/03/2010 23:16:03 (Std) 	WindowFactory for 'CEGUI/Tree' windows added. (00BEF688)
03/03/2010 23:16:03 (Std) 	Window type alias named 'DefaultGUISheet' added for window type 'DefaultWindow'.
03/03/2010 23:16:03 (Std) 	CEGUI::System singleton created. (05C8DDC8)
03/03/2010 23:16:03 (Std) 	---- CEGUI System initialisation completed ----
03/03/2010 23:16:03 (Std) 	---- Version 0.6.2 ----
03/03/2010 23:16:03 (Std) 	---- Renderer module is: CEGUI::OpenGLRenderer - Official OpenGL based renderer module for CEGUI ----
03/03/2010 23:16:03 (Std) 	---- XML Parser module is: CEGUI::ExpatParser - Official expat based parser module for CEGUI ----
03/03/2010 23:16:03 (Std) 	---- Scripting module is: None ----
03/03/2010 23:16:03 (Std) 	Attempting to load Scheme from file 'WindowsLook.scheme'.
03/03/2010 23:16:03 (Std) 	Attempting to create an Imageset from the information specified in file 'WindowsLook.imageset'.
03/03/2010 23:16:03 (Std) 	Started creation of Imageset from XML specification:
03/03/2010 23:16:03 (Std) 	---- CEGUI Imageset name: WindowsLook
03/03/2010 23:16:03 (Std) 	---- Source texture file: WindowsLook.tga in resource group: (Default)
03/03/2010 23:16:03 (Std) 	===== Falagard 'root' element: look and feel parsing begins =====
03/03/2010 23:16:04 (Std) 	===== Look and feel parsing completed =====
03/03/2010 23:16:04 (Std) 	No window factories specified for module 'CEGUIFalagardWRBase' - adding all available factories...
03/03/2010 23:16:04 (Std) 	WindowRendererFactory 'Falagard/Button' added. (05DAEB00)
03/03/2010 23:16:04 (Std) 	WindowRendererFactory 'Falagard/Default' added. (05DAECE0)
03/03/2010 23:16:04 (Std) 	WindowRendererFactory 'Falagard/Editbox' added. (05DADD40)
03/03/2010 23:16:04 (Std) 	WindowRendererFactory 'Falagard/FrameWindow' added. (05DAEC40)
03/03/2010 23:16:04 (Std) 	WindowRendererFactory 'Falagard/ItemEntry' added. (05DAE240)
03/03/2010 23:16:04 (Std) 	WindowRendererFactory 'Falagard/ListHeader' added. (05DADC00)
03/03/2010 23:16:04 (Std) 	WindowRendererFactory 'Falagard/ListHeaderSegment' added. (05DADFC0)
03/03/2010 23:16:04 (Std) 	WindowRendererFactory 'Falagard/Listbox' added. (05DAE920)
03/03/2010 23:16:04 (Std) 	WindowRendererFactory 'Falagard/Menubar' added. (05DAE060)
03/03/2010 23:16:04 (Std) 	WindowRendererFactory 'Falagard/MenuItem' added. (05DAE560)
03/03/2010 23:16:04 (Std) 	WindowRendererFactory 'Falagard/MultiColumnList' added. (05DAE420)
03/03/2010 23:16:04 (Std) 	WindowRendererFactory 'Falagard/MultiLineEditbox' added. (05DADCA0)
03/03/2010 23:16:04 (Std) 	WindowRendererFactory 'Falagard/PopupMenu' added. (05DAE880)
03/03/2010 23:16:04 (Std) 	WindowRendererFactory 'Falagard/ProgressBar' added. (05DAE100)
03/03/2010 23:16:04 (Std) 	WindowRendererFactory 'Falagard/ScrollablePane' added. (05DAE9C0)
03/03/2010 23:16:04 (Std) 	WindowRendererFactory 'Falagard/Scrollbar' added. (05DAE7E0)
03/03/2010 23:16:04 (Std) 	WindowRendererFactory 'Falagard/Slider' added. (05DAEA60)
03/03/2010 23:16:04 (Std) 	WindowRendererFactory 'Falagard/Static' added. (05DAE740)
03/03/2010 23:16:04 (Std) 	WindowRendererFactory 'Falagard/StaticImage' added. (05DAEBA0)
03/03/2010 23:16:04 (Std) 	WindowRendererFactory 'Falagard/StaticText' added. (05DAE4C0)
03/03/2010 23:16:04 (Std) 	WindowRendererFactory 'Falagard/SystemButton' added. (05DAE1A0)
03/03/2010 23:16:04 (Std) 	WindowRendererFactory 'Falagard/TabButton' added. (05DAE2E0)
03/03/2010 23:16:04 (Std) 	WindowRendererFactory 'Falagard/TabControl' added. (05DADE80)
03/03/2010 23:16:04 (Std) 	WindowRendererFactory 'Falagard/Titlebar' added. (05DAE6A0)
03/03/2010 23:16:04 (Std) 	WindowRendererFactory 'Falagard/ToggleButton' added. (05DADF20)
03/03/2010 23:16:04 (Std) 	WindowRendererFactory 'Falagard/Tooltip' added. (05DADDE0)
03/03/2010 23:16:04 (Std) 	WindowRendererFactory 'Falagard/ItemListbox' added. (05DAE600)
03/03/2010 23:16:04 (Std) 	WindowRendererFactory 'Falagard/Tree' added. (05DAE380)
03/03/2010 23:16:04 (Std) 	Creating falagard mapping for type 'WindowsLook/Button' using base type 'CEGUI/PushButton', window renderer 'Falagard/Button' and Look'N'Feel 'WindowsLook/Button'. (0018D0F4)
03/03/2010 23:16:04 (Std) 	Creating falagard mapping for type 'WindowsLook/Checkbox' using base type 'CEGUI/Checkbox', window renderer 'Falagard/ToggleButton' and Look'N'Feel 'WindowsLook/Checkbox'. (0018D0F4)
03/03/2010 23:16:04 (Std) 	Creating falagard mapping for type 'WindowsLook/IconButton' using base type 'CEGUI/PushButton', window renderer 'Falagard/Button' and Look'N'Feel 'WindowsLook/IconButton'. (0018D0F4)
03/03/2010 23:16:04 (Std) 	Creating falagard mapping for type 'WindowsLook/RadioButton' using base type 'CEGUI/RadioButton', window renderer 'Falagard/ToggleButton' and Look'N'Feel 'WindowsLook/RadioButton'. (0018D0F4)
03/03/2010 23:16:04 (Std) 	Creating falagard mapping for type 'WindowsLook/FrameWindow' using base type 'CEGUI/FrameWindow', window renderer 'Falagard/FrameWindow' and Look'N'Feel 'WindowsLook/FrameWindow'. (0018D0F4)
03/03/2010 23:16:04 (Std) 	Creating falagard mapping for type 'WindowsLook/Titlebar' using base type 'CEGUI/Titlebar', window renderer 'Falagard/Titlebar' and Look'N'Feel 'WindowsLook/Titlebar'. (0018D0F4)
03/03/2010 23:16:04 (Std) 	Creating falagard mapping for type 'WindowsLook/SystemButton' using base type 'CEGUI/PushButton', window renderer 'Falagard/SystemButton' and Look'N'Feel 'WindowsLook/SystemButton'. (0018D0F4)
03/03/2010 23:16:04 (Std) 	Creating falagard mapping for type 'WindowsLook/Editbox' using base type 'CEGUI/Editbox', window renderer 'Falagard/Editbox' and Look'N'Feel 'WindowsLook/Editbox'. (0018D0F4)
03/03/2010 23:16:04 (Std) 	Creating falagard mapping for type 'WindowsLook/MultiLineEditbox' using base type 'CEGUI/MultiLineEditbox', window renderer 'Falagard/MultiLineEditbox' and Look'N'Feel 'WindowsLook/MultiLineEditbox'. (0018D0F4)
03/03/2010 23:16:04 (Std) 	Creating falagard mapping for type 'WindowsLook/Menubar' using base type 'CEGUI/Menubar', window renderer 'Falagard/Menubar' and Look'N'Feel 'WindowsLook/Menubar'. (0018D0F4)
03/03/2010 23:16:04 (Std) 	Creating falagard mapping for type 'WindowsLook/PopupMenu' using base type 'CEGUI/PopupMenu', window renderer 'Falagard/PopupMenu' and Look'N'Feel 'WindowsLook/PopupMenu'. (0018D0F4)
03/03/2010 23:16:04 (Std) 	Creating falagard mapping for type 'WindowsLook/MenuItem' using base type 'CEGUI/MenuItem', window renderer 'Falagard/MenuItem' and Look'N'Feel 'WindowsLook/MenuItem'. (0018D0F4)
03/03/2010 23:16:04 (Std) 	Creating falagard mapping for type 'WindowsLook/ProgressBar' using base type 'CEGUI/ProgressBar', window renderer 'Falagard/ProgressBar' and Look'N'Feel 'WindowsLook/ProgressBar'. (0018D0F4)
03/03/2010 23:16:04 (Std) 	Creating falagard mapping for type 'WindowsLook/VerticalScrollbar' using base type 'CEGUI/Scrollbar', window renderer 'Falagard/Scrollbar' and Look'N'Feel 'WindowsLook/VerticalScrollbar'. (0018D0F4)
03/03/2010 23:16:04 (Std) 	Creating falagard mapping for type 'WindowsLook/HorizontalScrollbar' using base type 'CEGUI/Scrollbar', window renderer 'Falagard/Scrollbar' and Look'N'Feel 'WindowsLook/HorizontalScrollbar'. (0018D0F4)
03/03/2010 23:16:04 (Std) 	Creating falagard mapping for type 'WindowsLook/VerticalScrollbarThumb' using base type 'CEGUI/Thumb', window renderer 'Falagard/Button' and Look'N'Feel 'WindowsLook/VerticalScrollbarThumb'. (0018D0F4)
03/03/2010 23:16:04 (Std) 	Creating falagard mapping for type 'WindowsLook/HorizontalScrollbarThumb' using base type 'CEGUI/Thumb', window renderer 'Falagard/Button' and Look'N'Feel 'WindowsLook/HorizontalScrollbarThumb'. (0018D0F4)
03/03/2010 23:16:04 (Std) 	Creating falagard mapping for type 'WindowsLook/TabButton' using base type 'CEGUI/TabButton', window renderer 'Falagard/TabButton' and Look'N'Feel 'WindowsLook/TabButton'. (0018D0F4)
03/03/2010 23:16:04 (Std) 	Creating falagard mapping for type 'WindowsLook/TabControl' using base type 'CEGUI/TabControl', window renderer 'Falagard/TabControl' and Look'N'Feel 'WindowsLook/TabControl'. (0018D0F4)
03/03/2010 23:16:04 (Std) 	Creating falagard mapping for type 'WindowsLook/TabContentPane' using base type 'DefaultWindow', window renderer 'Falagard/Default' and Look'N'Feel 'WindowsLook/TabContentPane'. (0018D0F4)
03/03/2010 23:16:04 (Std) 	Creating falagard mapping for type 'WindowsLook/TabButtonPane' using base type 'DefaultWindow', window renderer 'Falagard/Default' and Look'N'Feel 'WindowsLook/TabButtonPane'. (0018D0F4)
03/03/2010 23:16:04 (Std) 	Creating falagard mapping for type 'WindowsLook/ComboDropList' using base type 'CEGUI/ComboDropList', window renderer 'Falagard/Listbox' and Look'N'Feel 'WindowsLook/ComboDropList'. (0018D0F4)
03/03/2010 23:16:04 (Std) 	Creating falagard mapping for type 'WindowsLook/Combobox' using base type 'CEGUI/Combobox', window renderer 'Falagard/Default' and Look'N'Feel 'WindowsLook/Combobox'. (0018D0F4)
03/03/2010 23:16:04 (Std) 	Creating falagard mapping for type 'WindowsLook/Listbox' using base type 'CEGUI/Listbox', window renderer 'Falagard/Listbox' and Look'N'Feel 'WindowsLook/Listbox'. (0018D0F4)
03/03/2010 23:16:04 (Std) 	Creating falagard mapping for type 'WindowsLook/ListHeader' using base type 'CEGUI/ListHeader', window renderer 'Falagard/ListHeader' and Look'N'Feel 'WindowsLook/ListHeader'. (0018D0F4)
03/03/2010 23:16:04 (Std) 	Creating falagard mapping for type 'WindowsLook/ListHeaderSegment' using base type 'CEGUI/ListHeaderSegment', window renderer 'Falagard/ListHeaderSegment' and Look'N'Feel 'WindowsLook/ListHeaderSegment'. (0018D0F4)
03/03/2010 23:16:04 (Std) 	Creating falagard mapping for type 'WindowsLook/MultiColumnList' using base type 'CEGUI/MultiColumnList', window renderer 'Falagard/MultiColumnList' and Look'N'Feel 'WindowsLook/MultiColumnList'. (0018D0F4)
03/03/2010 23:16:04 (Std) 	Creating falagard mapping for type 'WindowsLook/Slider' using base type 'CEGUI/Slider', window renderer 'Falagard/Slider' and Look'N'Feel 'WindowsLook/Slider'. (0018D0F4)
03/03/2010 23:16:04 (Std) 	Creating falagard mapping for type 'WindowsLook/SliderThumb' using base type 'CEGUI/Thumb', window renderer 'Falagard/Button' and Look'N'Feel 'WindowsLook/SliderThumb'. (0018D0F4)
03/03/2010 23:16:04 (Std) 	Creating falagard mapping for type 'WindowsLook/ScrollablePane' using base type 'CEGUI/ScrollablePane', window renderer 'Falagard/ScrollablePane' and Look'N'Feel 'WindowsLook/ScrollablePane'. (0018D0F4)
03/03/2010 23:16:04 (Std) 	Creating falagard mapping for type 'WindowsLook/Spinner' using base type 'CEGUI/Spinner', window renderer 'Falagard/Default' and Look'N'Feel 'WindowsLook/Spinner'. (0018D0F4)
03/03/2010 23:16:04 (Std) 	Creating falagard mapping for type 'WindowsLook/Tooltip' using base type 'CEGUI/Tooltip', window renderer 'Falagard/Tooltip' and Look'N'Feel 'WindowsLook/Tooltip'. (0018D0F4)
03/03/2010 23:16:04 (Std) 	Creating falagard mapping for type 'WindowsLook/Static' using base type 'DefaultWindow', window renderer 'Falagard/Static' and Look'N'Feel 'WindowsLook/Static'. (0018D0F4)
03/03/2010 23:16:04 (Std) 	Creating falagard mapping for type 'WindowsLook/StaticImage' using base type 'DefaultWindow', window renderer 'Falagard/StaticImage' and Look'N'Feel 'WindowsLook/StaticImage'. (0018D0F4)
03/03/2010 23:16:04 (Std) 	Creating falagard mapping for type 'WindowsLook/StaticText' using base type 'DefaultWindow', window renderer 'Falagard/StaticText' and Look'N'Feel 'WindowsLook/StaticText'. (0018D0F4)
03/03/2010 23:16:04 (Std) 	Creating falagard mapping for type 'WindowsLook/ItemListbox' using base type 'CEGUI/ItemListbox', window renderer 'Falagard/ItemListbox' and Look'N'Feel 'WindowsLook/ItemListbox'. (0018D0F4)
03/03/2010 23:16:04 (Std) 	Creating falagard mapping for type 'WindowsLook/ListboxItem' using base type 'CEGUI/ItemEntry', window renderer 'Falagard/ItemEntry' and Look'N'Feel 'WindowsLook/ListboxItem'. (0018D0F4)
03/03/2010 23:16:04 (Std) 	Creating falagard mapping for type 'WindowsLook/GroupBox' using base type 'CEGUI/GroupBox', window renderer 'Falagard/Default' and Look'N'Feel 'WindowsLook/GroupBox'. (0018D0F4)
03/03/2010 23:16:04 (Std) 	Attempting to create Font from the information specified in file 'DejaVuSans-10.font'.
03/03/2010 23:16:04 (Std) 	Started creation of FreeType Font:
03/03/2010 23:16:04 (Std) 	---- CEGUI font name: DejaVuSans-10
03/03/2010 23:16:04 (Std) 	----     Source file: DejaVuSans.ttf in resource group: (Default)
03/03/2010 23:16:04 (Std) 	---- Real point size: 10
03/03/2010 23:16:04 (Std) 	Succsessfully loaded 3045 glyphs
03/03/2010 23:16:35 (Std) 	---- Begining CEGUI System destruction ----
03/03/2010 23:16:35 (Std) 	WindowFactory for 'CEGUI/Tree' windows removed. (00BEF688)
03/03/2010 23:16:35 (Std) 	WindowFactory for 'CEGUI/Thumb' windows removed. (00BEED00)
03/03/2010 23:16:35 (Std) 	WindowFactory for 'CEGUI/Slider' windows removed. (00BEF7C8)
03/03/2010 23:16:35 (Std) 	WindowFactory for 'CEGUI/Editbox' windows removed. (00BEEE48)
03/03/2010 23:16:35 (Std) 	WindowFactory for 'CEGUI/Listbox' windows removed. (00BEFD68)
03/03/2010 23:16:35 (Std) 	WindowFactory for 'CEGUI/Menubar' windows removed. (00BEFEA8)
03/03/2010 23:16:35 (Std) 	WindowFactory for 'CEGUI/Spinner' windows removed. (00BEF408)
03/03/2010 23:16:35 (Std) 	WindowFactory for 'CEGUI/Tooltip' windows removed. (00BEEBC0)
03/03/2010 23:16:35 (Std) 	WindowFactory for 'DefaultWindow' windows removed. (00BEF5E8)
03/03/2010 23:16:35 (Std) 	WindowFactory for 'DragContainer' windows removed. (00BEF9A8)
03/03/2010 23:16:35 (Std) 	WindowFactory for 'CEGUI/Checkbox' windows removed. (00BEF4A8)
03/03/2010 23:16:35 (Std) 	WindowFactory for 'CEGUI/Combobox' windows removed. (00BEEF88)
03/03/2010 23:16:35 (Std) 	WindowFactory for 'CEGUI/GroupBox' windows removed. (00BEEDA8)
03/03/2010 23:16:35 (Std) 	WindowFactory for 'CEGUI/MenuItem' windows removed. (00BEEB20)
03/03/2010 23:16:35 (Std) 	WindowFactory for 'CEGUI/Titlebar' windows removed. (00BEEC60)
03/03/2010 23:16:35 (Std) 	WindowFactory for 'CEGUI/ItemEntry' windows removed. (00BEF548)
03/03/2010 23:16:35 (Std) 	WindowFactory for 'CEGUI/PopupMenu' windows removed. (00BEF368)
03/03/2010 23:16:35 (Std) 	WindowFactory for 'CEGUI/Scrollbar' windows removed. (00BEEEE8)
03/03/2010 23:16:35 (Std) 	WindowFactory for 'CEGUI/TabButton' windows removed. (00BEFAE8)
03/03/2010 23:16:35 (Std) 	WindowFactory for 'CEGUI/ListHeader' windows removed. (00BEFF48)
03/03/2010 23:16:35 (Std) 	WindowFactory for 'CEGUI/PushButton' windows removed. (00BEFC28)
03/03/2010 23:16:35 (Std) 	WindowFactory for 'CEGUI/TabControl' windows removed. (00BEF188)
03/03/2010 23:16:35 (Std) 	WindowFactory for 'ClippedContainer' windows removed. (00BEF868)
03/03/2010 23:16:35 (Std) 	WindowFactory for 'CEGUI/FrameWindow' windows removed. (00BEF2C8)
03/03/2010 23:16:35 (Std) 	WindowFactory for 'CEGUI/ItemListbox' windows removed. (00BEFA48)
03/03/2010 23:16:35 (Std) 	WindowFactory for 'CEGUI/ProgressBar' windows removed. (00BEF728)
03/03/2010 23:16:35 (Std) 	WindowFactory for 'CEGUI/RadioButton' windows removed. (00BEFCC8)
03/03/2010 23:16:35 (Std) 	WindowFactory for 'ScrolledContainer' windows removed. (00BEF0D0)
03/03/2010 23:16:35 (Std) 	WindowFactory for 'CEGUI/ComboDropList' windows removed. (00BEFE08)
03/03/2010 23:16:35 (Std) 	WindowFactory for 'CEGUI/ScrollablePane' windows removed. (00BEF908)
03/03/2010 23:16:35 (Std) 	WindowFactory for 'CEGUI/MultiColumnList' windows removed. (00BEF228)
03/03/2010 23:16:35 (Std) 	WindowFactory for 'CEGUI/MultiLineEditbox' windows removed. (00BEFB88)
03/03/2010 23:16:35 (Std) 	WindowFactory for 'CEGUI/ListHeaderSegment' windows removed. (00BEF028)
03/03/2010 23:16:35 (Std) 	---- Begining cleanup of GUI Scheme system ----
03/03/2010 23:16:35 (Std) 	Scheme 'WindowsLookSkin' has been unloaded via the SchemeManager. (05047D38)
03/03/2010 23:16:35 (Std) 	CEGUI::SchemeManager singleton destroyed. (05044048)
03/03/2010 23:16:35 (Std) 	CEGUI::WindowManager singleton destroyed (05C8FAC0)
03/03/2010 23:16:35 (Std) 	CEGUI::WindowFactoryManager singleton destroyed
03/03/2010 23:16:35 (Std) 	CEGUI::WidgetLookManager singleton destroyed. (05C89848)
03/03/2010 23:16:35 (Std) 	CEGUI::WindowRendererManager singleton destroyed (05C9A358)
03/03/2010 23:16:35 (Std) 	---- Begining cleanup of Font system ----
03/03/2010 23:16:35 (Std) 	Font 'DejaVuSans-10' has been destroyed. (05C36D30)
03/03/2010 23:16:35 (Std) 	CEGUI::FontManager singleton destroyed. (05C8FB50)
03/03/2010 23:16:35 (Std) 	CEGUI::MouseCursor singleton destroyed. (050435F0)
03/03/2010 23:16:35 (Std) 	---- Begining cleanup of Imageset system ----
03/03/2010 23:16:35 (Std) 	CEGUI::ImagesetManager singleton destroyed (05C88630)
03/03/2010 23:16:35 (Std) 	CEGUI::GlobalEventSet singleton destroyed. (05C9AF50)
03/03/2010 23:16:35 (Std) 	CEGUI::System singleton destroyed. (05C8DDC8)
03/03/2010 23:16:35 (Std) 	---- CEGUI System destruction completed ----
03/03/2010 23:16:35 (Std) 	CEGUI::Logger singleton destroyed. (05C99770)
